[debug] [2023-04-16T12:59:38.684Z] ----------------------------------------------------------------------
[debug] [2023-04-16T12:59:38.686Z] Command:       C:\Program Files\nodejs\node.exe C:\Users\User\AppData\Roaming\npm\node_modules\firebase-tools\lib\bin\firebase.js init
[debug] [2023-04-16T12:59:38.687Z] CLI Version:   11.25.1
[debug] [2023-04-16T12:59:38.688Z] Platform:      win32
[debug] [2023-04-16T12:59:38.688Z] Node Version:  v18.15.0
[debug] [2023-04-16T12:59:38.689Z] Time:          Sun Apr 16 2023 18:29:38 GMT+0530 (India Standard Time)
[debug] [2023-04-16T12:59:38.690Z] ----------------------------------------------------------------------
[debug] 
[debug] [2023-04-16T12:59:38.839Z] > command requires scopes: ["email","openid","https://www.googleapis.com/auth/cloudplatformprojects.readonly","https://www.googleapis.com/auth/firebase","https://www.googleapis.com/auth/cloud-platform"]
[debug] [2023-04-16T12:59:38.840Z] > authorizing via signed-in user (yaswanthkrishna34@gmail.com)
[info] 
     ######## #### ########  ######## ########     ###     ######  ########
     ##        ##  ##     ## ##       ##     ##  ##   ##  ##       ##
     ######    ##  ########  ######   ########  #########  ######  ######
     ##        ##  ##    ##  ##       ##     ## ##     ##       ## ##
     ##       #### ##     ## ######## ########  ##     ##  ######  ########

You're about to initialize a Firebase project in this directory:

  C:\Users\User\Desktop\GreenApp\leaf-route

Before we get started, keep in mind:

  * You are initializing within an existing Firebase project directory

[info] 
=== Project Setup
[info] 
[info] First, let's associate this project directory with a Firebase project.
[info] You can create multiple project aliases by running firebase use --add, 
[info] but for now we'll just set up a default project.
[info] 
[debug] [2023-04-16T12:59:50.311Z] Using project from CLI flag: green-app-ccb55
[debug] [2023-04-16T12:59:50.316Z] >>> [apiv2][query] GET https://firebase.googleapis.com/v1beta1/projects/green-app-ccb55 [none]
[debug] [2023-04-16T12:59:52.503Z] <<< [apiv2][status] GET https://firebase.googleapis.com/v1beta1/projects/green-app-ccb55 200
[debug] [2023-04-16T12:59:52.504Z] <<< [apiv2][body] GET https://firebase.googleapis.com/v1beta1/projects/green-app-ccb55 {"projectId":"green-app-ccb55","projectNumber":"139879281166","displayName":"green-app","name":"projects/green-app-ccb55","resources":{"hostingSite":"green-app-ccb55","storageBucket":"green-app-ccb55.appspot.com","locationId":"asia-south1"},"state":"ACTIVE","etag":"1_6e6ce9af-59a8-4049-9182-f3e73c330472"}
[info] i  Using project green-app-ccb55 (green-app) 
[info] 
=== Hosting Setup
[info] 
[info] Your public directory is the folder (relative to your project directory) that
[info] will contain Hosting assets to be uploaded with firebase deploy. If you
[info] have a build process for your assets, use your build's output directory.
[info] 
[info] +  Wrote build/404.html 
[debug] [2023-04-16T13:00:09.202Z] >>> [apiv2][query] GET https://www.gstatic.com/firebasejs/releases.json [none]
[debug] [2023-04-16T13:00:09.717Z] <<< [apiv2][status] GET https://www.gstatic.com/firebasejs/releases.json 200
[debug] [2023-04-16T13:00:09.717Z] <<< [apiv2][body] GET https://www.gstatic.com/firebasejs/releases.json {"current":{"version":"9.19.1","browserURL":"https://www.gstatic.com/firebasejs/9.19.1/firebase.js","packageURL":"https://www.gstatic.com/firebasejs/9.19.1/firebase.tgz"},"live":{"version":"9.19","browserURL":"https://www.gstatic.com/firebasejs/live/9.19/firebase.js","packageURL":"https://www.gstatic.com/firebasejs/live/9.19/firebase.tgz"},"components":{"analytics":"https://www.gstatic.com/firebasejs/9.19.1/firebase-analytics.js","app":"https://www.gstatic.com/firebasejs/9.19.1/firebase-app.js","app-check":"https://www.gstatic.com/firebasejs/9.19.1/firebase-app-check.js","auth":"https://www.gstatic.com/firebasejs/9.19.1/firebase-auth.js","auth/cordova":"https://www.gstatic.com/firebasejs/9.19.1/firebase-auth/cordova.js","auth/react-native":"https://www.gstatic.com/firebasejs/9.19.1/firebase-auth/react-native.js","functions":"https://www.gstatic.com/firebasejs/9.19.1/firebase-functions.js","firestore":"https://www.gstatic.com/firebasejs/9.19.1/firebase-firestore.js","firestore/lite":"https://www.gstatic.com/firebasejs/9.19.1/firebase-firestore/lite.js","installations":"https://www.gstatic.com/firebasejs/9.19.1/firebase-installations.js","storage":"https://www.gstatic.com/firebasejs/9.19.1/firebase-storage.js","performance":"https://www.gstatic.com/firebasejs/9.19.1/firebase-performance.js","remote-config":"https://www.gstatic.com/firebasejs/9.19.1/firebase-remote-config.js","messaging":"https://www.gstatic.com/firebasejs/9.19.1/firebase-messaging.js","messaging/sw":"https://www.gstatic.com/firebasejs/9.19.1/firebase-messaging/sw.js","database":"https://www.gstatic.com/firebasejs/9.19.1/firebase-database.js","firestore.memory":"https://www.gstatic.com/firebasejs/9.19.1/firebase-firestore.memory.js"}}
[info] i  Skipping write of build/index.html 
[info] 
[info] i  Detected a .git folder at C:\Users\User\Desktop\GreenApp\leaf-route 
[info] i  Authorizing with GitHub to upload your service account to a GitHub repository's secrets store. 
[info] 
[info] Visit this URL on this device to log in:
[info] https://github.com/login/oauth/authorize?client_id=89cf50f02ac6aaed3484&state=672093899&redirect_uri=http%3A%2F%2Flocalhost%3A9005&scope=read%3Auser%20repo%20public_repo
[info] 
[info] Waiting for authentication...
[debug] [2023-04-16T13:02:39.391Z] >>> [apiv2][query] POST https://github.com/login/oauth/access_token [none]
[debug] [2023-04-16T13:02:39.391Z] >>> [apiv2][body] POST https://github.com/login/oauth/access_token [stream]
[debug] [2023-04-16T13:02:40.933Z] <<< [apiv2][status] POST https://github.com/login/oauth/access_token 200
[debug] [2023-04-16T13:02:40.934Z] <<< [apiv2][body] POST https://github.com/login/oauth/access_token {"access_token":"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","token_type":"bearer","scope":"read:user,repo"}
[debug] [2023-04-16T13:02:40.980Z] >>> [apiv2][query] GET https://api.github.com/user [none]
[debug] [2023-04-16T13:02:41.719Z] <<< [apiv2][status] GET https://api.github.com/user 200
[debug] [2023-04-16T13:02:41.720Z] <<< [apiv2][body] GET https://api.github.com/user {"login":"yaswanthsay","id":97822494,"node_id":"U_kgDOBdSnHg","avatar_url":"https://avatars.githubusercontent.com/u/97822494?v=4","gravatar_id":"","url":"https://api.github.com/users/yaswanthsay","html_url":"https://github.com/yaswanthsay","followers_url":"https://api.github.com/users/yaswanthsay/followers","following_url":"https://api.github.com/users/yaswanthsay/following{/other_user}","gists_url":"https://api.github.com/users/yaswanthsay/gists{/gist_id}","starred_url":"https://api.github.com/users/yaswanthsay/starred{/owner}{/repo}","subscriptions_url":"https://api.github.com/users/yaswanthsay/subscriptions","organizations_url":"https://api.github.com/users/yaswanthsay/orgs","repos_url":"https://api.github.com/users/yaswanthsay/repos","events_url":"https://api.github.com/users/yaswanthsay/events{/privacy}","received_events_url":"https://api.github.com/users/yaswanthsay/received_events","type":"User","site_admin":false,"name":"Yaswanth krishna","company":null,"blog":"","location":null,"email":null,"hireable":null,"bio":null,"twitter_username":null,"public_repos":13,"public_gists":0,"followers":0,"following":0,"created_at":"2022-01-16T06:30:13Z","updated_at":"2023-02-21T09:15:33Z","private_gists":0,"total_private_repos":0,"owned_private_repos":0,"disk_usage":121384,"collaborators":0,"two_factor_authentication":false,"plan":{"name":"free","space":976562499,"collaborators":0,"private_repos":10000}}
[info] 
[info] +  Success! Logged into GitHub as yaswanthsay 
[info] 
